#
# There is insufficient memory for the Java Runtime Environment to continue.
# Native memory allocation (mmap) failed to map 455081984 bytes for G1 virtual space
# Possible reasons:
#   The system is out of physical RAM or swap space
#   The process is running with CompressedOops enabled, and the Java Heap may be blocking the growth of the native heap
# Possible solutions:
#   Reduce memory load on the system
#   Increase physical memory or swap space
#   Check if swap backing store is full
#   Decrease Java heap size (-Xmx/-Xms)
#   Decrease number of Java threads
#   Decrease Java thread stack sizes (-Xss)
#   Set larger code cache with -XX:ReservedCodeCacheSize=
#   JVM is running with Zero Based Compressed Oops mode in which the Java heap is
#     placed in the first 32GB address space. The Java Heap base address is the
#     maximum limit for the native heap growth. Please use -XX:HeapBaseMinAddress
#     to set the Java Heap base and to place the Java Heap above 32GB virtual address.
# This output file may be truncated or incomplete.
#
#  Out of Memory Error (os_windows.cpp:3536), pid=18104, tid=25740
#
# JRE version: Java(TM) SE Runtime Environment (19.0.2+7) (build 19.0.2+7-44)
# Java VM: Java HotSpot(TM) 64-Bit Server VM (19.0.2+7-44, mixed mode, sharing, tiered, compressed oops, compressed class ptrs, g1 gc, windows-amd64)
# No core dump will be written. Minidumps are not enabled by default on client versions of Windows
#

---------------  S U M M A R Y ------------

Command Line: -Dfile.encoding=UTF-8 -XX:+ShowCodeDetailsInExceptionMessages application.JobspectsApplication

Host: 11th Gen Intel(R) Core(TM) i7-1195G7 @ 2.90GHz, 8 cores, 15G,  Windows 11 , 64 bit Build 22621 (10.0.22621.3527)
Time: Mon May 20 20:09:53 2024 Eastern Daylight Time elapsed time: 4.499020 seconds (0d 0h 0m 4s)

---------------  T H R E A D  ---------------

Current thread (0x000001a8ab876260):  VMThread "VM Thread" [stack: 0x000000a29b400000,0x000000a29b500000] [id=25740]

Stack: [0x000000a29b400000,0x000000a29b500000]
Native frames: (J=compiled Java code, j=interpreted, Vv=VM code, C=native code)
V  [jvm.dll+0x6ee21a]
V  [jvm.dll+0x85765e]
V  [jvm.dll+0x85904e]
V  [jvm.dll+0x859703]
V  [jvm.dll+0x28298f]
V  [jvm.dll+0x6eb009]
V  [jvm.dll+0x6dfbaa]
V  [jvm.dll+0x3573f6]
V  [jvm.dll+0x35ee56]
V  [jvm.dll+0x3b541e]
V  [jvm.dll+0x3b564f]
V  [jvm.dll+0x32c9ea]
V  [jvm.dll+0x32ca97]
V  [jvm.dll+0x374cd2]
V  [jvm.dll+0x37340f]
V  [jvm.dll+0x32c210]
V  [jvm.dll+0x3729ab]
V  [jvm.dll+0x85ebc3]
V  [jvm.dll+0x85f989]
V  [jvm.dll+0x85febd]
V  [jvm.dll+0x86034b]
V  [jvm.dll+0x860407]
V  [jvm.dll+0x80125a]
V  [jvm.dll+0x6ecf0b]
C  [ucrtbase.dll+0x29333]
C  [KERNEL32.DLL+0x1257d]
C  [ntdll.dll+0x5aa48]

VM_Operation (0x000000a29c6fcc60): G1CollectForAllocation, mode: safepoint, requested by thread 0x000001a8b11c0830


---------------  P R O C E S S  ---------------

Threads class SMR info:
_java_thread_list=0x000001a8b2336960, length=18, elements={
0x000001a8ab88e5b0, 0x000001a8ab88f3a0, 0x000001a8ab892050, 0x000001a8ab892ee0,
0x000001a8ab895820, 0x000001a8ab896150, 0x000001a8ab89d2d0, 0x000001a8ab8a8240,
0x000001a8b0108070, 0x000001a8b0228510, 0x000001a8b0230900, 0x000001a8b0466670,
0x000001a8b0466bb0, 0x000001a8b04670f0, 0x000001a8b04e5020, 0x000001a8b1295a90,
0x000001a8b11c0830, 0x000001a886d5e370
}

Java Threads: ( => current thread )
  0x000001a8ab88e5b0 JavaThread "Reference Handler" daemon [_thread_blocked, id=31568, stack(0x000000a29b500000,0x000000a29b600000)]
  0x000001a8ab88f3a0 JavaThread "Finalizer" daemon [_thread_blocked, id=28868, stack(0x000000a29b600000,0x000000a29b700000)]
  0x000001a8ab892050 JavaThread "Signal Dispatcher" daemon [_thread_blocked, id=27404, stack(0x000000a29b700000,0x000000a29b800000)]
  0x000001a8ab892ee0 JavaThread "Attach Listener" daemon [_thread_blocked, id=21772, stack(0x000000a29b800000,0x000000a29b900000)]
  0x000001a8ab895820 JavaThread "Service Thread" daemon [_thread_blocked, id=11720, stack(0x000000a29b900000,0x000000a29ba00000)]
  0x000001a8ab896150 JavaThread "Monitor Deflation Thread" daemon [_thread_blocked, id=10512, stack(0x000000a29ba00000,0x000000a29bb00000)]
  0x000001a8ab89d2d0 JavaThread "C2 CompilerThread0" daemon [_thread_blocked, id=516, stack(0x000000a29bb00000,0x000000a29bc00000)]
  0x000001a8ab8a8240 JavaThread "C1 CompilerThread0" daemon [_thread_blocked, id=30156, stack(0x000000a29bc00000,0x000000a29bd00000)]
  0x000001a8b0108070 JavaThread "Sweeper thread" daemon [_thread_blocked, id=16752, stack(0x000000a29bd00000,0x000000a29be00000)]
  0x000001a8b0228510 JavaThread "Notification Thread" daemon [_thread_blocked, id=12144, stack(0x000000a29be00000,0x000000a29bf00000)]
  0x000001a8b0230900 JavaThread "Common-Cleaner" daemon [_thread_blocked, id=10276, stack(0x000000a29c000000,0x000000a29c100000)]
  0x000001a8b0466670 JavaThread "Java2D Disposer" daemon [_thread_blocked, id=28588, stack(0x000000a29c100000,0x000000a29c200000)]
  0x000001a8b0466bb0 JavaThread "AWT-Shutdown" [_thread_blocked, id=5088, stack(0x000000a29c200000,0x000000a29c300000)]
  0x000001a8b04670f0 JavaThread "AWT-Windows" daemon [_thread_in_native, id=9780, stack(0x000000a29c300000,0x000000a29c400000)]
  0x000001a8b04e5020 JavaThread "Image Fetcher 0" daemon [_thread_blocked, id=28120, stack(0x000000a29c400000,0x000000a29c500000)]
  0x000001a8b1295a90 JavaThread "Image Fetcher 1" daemon [_thread_blocked, id=30184, stack(0x000000a29c500000,0x000000a29c600000)]
  0x000001a8b11c0830 JavaThread "AWT-EventQueue-0" [_thread_blocked, id=23924, stack(0x000000a29c600000,0x000000a29c700000)]
  0x000001a886d5e370 JavaThread "DestroyJavaVM" [_thread_blocked, id=28536, stack(0x000000a29ae00000,0x000000a29af00000)]

Other Threads:
=>0x000001a8ab876260 VMThread "VM Thread" [stack: 0x000000a29b400000,0x000000a29b500000] [id=25740]
  0x000001a8b02304a0 WatcherThread "VM Periodic Task Thread" [stack: 0x000000a29bf00000,0x000000a29c000000] [id=16980]
  0x000001a886dd0f70 WorkerThread "GC Thread#0" [stack: 0x000000a29af00000,0x000000a29b000000] [id=7224]
  0x000001a8b224e670 WorkerThread "GC Thread#1" [stack: 0x000000a29c700000,0x000000a29c800000] [id=31392]
  0x000001a8b224e940 WorkerThread "GC Thread#2" [stack: 0x000000a29c800000,0x000000a29c900000] [id=21092]
  0x000001a8b276a8c0 WorkerThread "GC Thread#3" [stack: 0x000000a29c900000,0x000000a29ca00000] [id=26500]
  0x000001a8b276ab90 WorkerThread "GC Thread#4" [stack: 0x000000a29ca00000,0x000000a29cb00000] [id=27252]
  0x000001a8b276ae60 WorkerThread "GC Thread#5" [stack: 0x000000a29cb00000,0x000000a29cc00000] [id=22152]
  0x000001a8b2865c00 WorkerThread "GC Thread#6" [stack: 0x000000a29cc00000,0x000000a29cd00000] [id=27276]
  0x000001a8b2866740 WorkerThread "GC Thread#7" [stack: 0x000000a29cf00000,0x000000a29d000000] [id=31344]
  0x000001a886de1860 ConcurrentGCThread "G1 Main Marker" [stack: 0x000000a29b000000,0x000000a29b100000] [id=24084]
  0x000001a886de2ae0 WorkerThread "G1 Conc#0" [stack: 0x000000a29b100000,0x000000a29b200000] [id=13304]
  0x000001a886e1e490 ConcurrentGCThread "G1 Refine#0" [stack: 0x000000a29b200000,0x000000a29b300000] [id=12712]
  0x000001a8ab72e050 ConcurrentGCThread "G1 Service" [stack: 0x000000a29b300000,0x000000a29b400000] [id=28492]

Threads with active compile tasks:

VM state: at safepoint (normal execution)

VM Mutex/Monitor currently owned by a thread:  ([mutex/lock_event])
[0x000001a886d5a5f0] Threads_lock - owner thread: 0x000001a8ab876260
[0x000001a886d58b80] Heap_lock - owner thread: 0x000001a8b11c0830

Heap address: 0x0000000705800000, size: 4008 MB, Compressed Oops mode: Zero based, Oop shift amount: 3

CDS archive(s) mapped at: [0x0000000800000000-0x0000000800c40000-0x0000000800c40000), size 12845056, SharedBaseAddress: 0x0000000800000000, ArchiveRelocationMode: 0.
Compressed class space mapped at: 0x0000000801000000-0x0000000841000000, reserved size: 1073741824
Narrow klass base: 0x0000000800000000, Narrow klass shift: 0, Narrow klass range: 0x100000000

GC Precious Log:
 CardTable entry size: 512
 Card Set container configuration: InlinePtr #cards 4 size 8 Array Of Cards #cards 16 size 48 Howl #buckets 8 coarsen threshold 3686 Howl Bitmap #cards 512 size 80 coarsen threshold 460 Card regions per heap region 1 cards per card region 4096
 CPUs: 8 total, 8 available
 Memory: 16026M
 Large Page Support: Disabled
 NUMA Support: Disabled
 Compressed Oops: Enabled (Zero based)
 Heap Region Size: 2M
 Heap Min Capacity: 8M
 Heap Initial Capacity: 252M
 Heap Max Capacity: 4008M
 Pre-touch: Disabled
 Parallel Workers: 8
 Concurrent Workers: 2
 Concurrent Refinement Workers: 8
 Periodic GC: Disabled

Heap:
 garbage-first heap   total 462848K, used 139918K [0x0000000705800000, 0x0000000800000000)
  region size 2048K, 10 young (20480K), 10 survivors (20480K)
 Metaspace       used 7940K, committed 8192K, reserved 1114112K
  class space    used 841K, committed 960K, reserved 1048576K

Heap Regions: E=young(eden), S=young(survivor), O=old, HS=humongous(starts), HC=humongous(continues), CS=collection set, F=free, OA=open archive, CA=closed archive, TAMS=top-at-mark-start (previous, next)
|   0|0x0000000705800000, 0x0000000705a00000, 0x0000000705a00000|100%|HS|  |TAMS 0x0000000705800000, 0x0000000705800000| Complete 
|   1|0x0000000705a00000, 0x0000000705c00000, 0x0000000705c00000|100%|HC|  |TAMS 0x0000000705a00000, 0x0000000705a00000| Complete 
|   2|0x0000000705c00000, 0x0000000705e00000, 0x0000000705e00000|100%|HC|  |TAMS 0x0000000705c00000, 0x0000000705c00000| Complete 
|   3|0x0000000705e00000, 0x0000000706000000, 0x0000000706000000|100%| O|  |TAMS 0x0000000705e00000, 0x0000000705e00000| Untracked 
|   4|0x0000000706000000, 0x0000000706200000, 0x0000000706200000|100%| O|  |TAMS 0x0000000706000000, 0x0000000706000000| Untracked 
|   5|0x0000000706200000, 0x0000000706400000, 0x0000000706400000|100%| O|  |TAMS 0x0000000706200000, 0x0000000706200000| Untracked 
|   6|0x0000000706400000, 0x0000000706600000, 0x0000000706600000|100%|HS|  |TAMS 0x0000000706400000, 0x0000000706400000| Complete 
|   7|0x0000000706600000, 0x0000000706800000, 0x0000000706800000|100%|HC|  |TAMS 0x0000000706600000, 0x0000000706600000| Complete 
|   8|0x0000000706800000, 0x0000000706a00000, 0x0000000706a00000|100%|HC|  |TAMS 0x0000000706800000, 0x0000000706800000| Complete 
|   9|0x0000000706a00000, 0x0000000706c00000, 0x0000000706c00000|100%|HC|  |TAMS 0x0000000706a00000, 0x0000000706a00000| Complete 
|  10|0x0000000706c00000, 0x0000000706e00000, 0x0000000706e00000|100%|HS|  |TAMS 0x0000000706c00000, 0x0000000706c00000| Complete 
|  11|0x0000000706e00000, 0x0000000707000000, 0x0000000707000000|100%|HC|  |TAMS 0x0000000706e00000, 0x0000000706e00000| Complete 
|  12|0x0000000707000000, 0x0000000707200000, 0x0000000707200000|100%|HC|  |TAMS 0x0000000707000000, 0x0000000707000000| Complete 
|  13|0x0000000707200000, 0x0000000707400000, 0x0000000707400000|100%| O|  |TAMS 0x0000000707200000, 0x0000000707200000| Untracked 
|  14|0x0000000707400000, 0x0000000707600000, 0x0000000707600000|100%| O|  |TAMS 0x0000000707400000, 0x0000000707400000| Untracked 
|  15|0x0000000707600000, 0x0000000707800000, 0x0000000707800000|100%| O|  |TAMS 0x0000000707600000, 0x0000000707600000| Untracked 
|  16|0x0000000707800000, 0x0000000707a00000, 0x0000000707a00000|100%| O|  |TAMS 0x0000000707800000, 0x0000000707800000| Untracked 
|  17|0x0000000707a00000, 0x0000000707c00000, 0x0000000707c00000|100%| O|  |TAMS 0x0000000707a00000, 0x0000000707a00000| Untracked 
|  18|0x0000000707c00000, 0x0000000707e00000, 0x0000000707e00000|100%| O|  |TAMS 0x0000000707c00000, 0x0000000707c00000| Untracked 
|  19|0x0000000707e00000, 0x0000000708000000, 0x0000000708000000|100%| O|  |TAMS 0x0000000707e00000, 0x0000000707e00000| Untracked 
|  20|0x0000000708000000, 0x0000000708200000, 0x0000000708200000|100%| O|  |TAMS 0x0000000708000000, 0x0000000708000000| Untracked 
|  21|0x0000000708200000, 0x0000000708400000, 0x0000000708400000|100%| O|  |TAMS 0x0000000708200000, 0x0000000708200000| Untracked 
|  22|0x0000000708400000, 0x0000000708600000, 0x0000000708600000|100%| O|  |TAMS 0x0000000708400000, 0x0000000708400000| Untracked 
|  23|0x0000000708600000, 0x0000000708800000, 0x0000000708800000|100%| O|  |TAMS 0x0000000708600000, 0x0000000708600000| Untracked 
|  24|0x0000000708800000, 0x0000000708a00000, 0x0000000708a00000|100%| O|  |TAMS 0x0000000708800000, 0x0000000708800000| Untracked 
|  25|0x0000000708a00000, 0x0000000708c00000, 0x0000000708c00000|100%| O|  |TAMS 0x0000000708a00000, 0x0000000708a00000| Untracked 
|  26|0x0000000708c00000, 0x0000000708e00000, 0x0000000708e00000|100%| O|  |TAMS 0x0000000708c00000, 0x0000000708c00000| Untracked 
|  27|0x0000000708e00000, 0x0000000709000000, 0x0000000709000000|100%| O|  |TAMS 0x0000000708e00000, 0x0000000708e00000| Untracked 
|  28|0x0000000709000000, 0x0000000709200000, 0x0000000709200000|100%| O|  |TAMS 0x0000000709000000, 0x0000000709000000| Untracked 
|  29|0x0000000709200000, 0x0000000709400000, 0x0000000709400000|100%| O|  |TAMS 0x0000000709200000, 0x0000000709200000| Untracked 
|  30|0x0000000709400000, 0x0000000709600000, 0x0000000709600000|100%| O|  |TAMS 0x0000000709400000, 0x0000000709400000| Untracked 
|  31|0x0000000709600000, 0x0000000709800000, 0x0000000709800000|100%| O|  |TAMS 0x0000000709600000, 0x0000000709600000| Untracked 
|  32|0x0000000709800000, 0x0000000709a00000, 0x0000000709a00000|100%| O|  |TAMS 0x0000000709800000, 0x0000000709800000| Untracked 
|  33|0x0000000709a00000, 0x0000000709c00000, 0x0000000709c00000|100%| O|  |TAMS 0x0000000709a00000, 0x0000000709a00000| Untracked 
|  34|0x0000000709c00000, 0x0000000709e00000, 0x0000000709e00000|100%| O|  |TAMS 0x0000000709c00000, 0x0000000709c00000| Untracked 
|  35|0x0000000709e00000, 0x000000070a000000, 0x000000070a000000|100%| O|  |TAMS 0x0000000709e00000, 0x0000000709e00000| Untracked 
|  36|0x000000070a000000, 0x000000070a200000, 0x000000070a200000|100%| O|  |TAMS 0x000000070a000000, 0x000000070a000000| Untracked 
|  37|0x000000070a200000, 0x000000070a400000, 0x000000070a400000|100%| O|  |TAMS 0x000000070a200000, 0x000000070a200000| Untracked 
|  38|0x000000070a400000, 0x000000070a600000, 0x000000070a600000|100%| O|  |TAMS 0x000000070a400000, 0x000000070a400000| Untracked 
|  39|0x000000070a600000, 0x000000070a800000, 0x000000070a800000|100%| O|  |TAMS 0x000000070a600000, 0x000000070a600000| Untracked 
|  40|0x000000070a800000, 0x000000070aa00000, 0x000000070aa00000|100%| O|  |TAMS 0x000000070a800000, 0x000000070a800000| Untracked 
|  41|0x000000070aa00000, 0x000000070ac00000, 0x000000070ac00000|100%| O|  |TAMS 0x000000070aa00000, 0x000000070aa00000| Untracked 
|  42|0x000000070ac00000, 0x000000070ae00000, 0x000000070ae00000|100%| O|  |TAMS 0x000000070ac00000, 0x000000070ac00000| Untracked 
|  43|0x000000070ae00000, 0x000000070b000000, 0x000000070b000000|100%| O|  |TAMS 0x000000070ae00000, 0x000000070ae00000| Untracked 
|  44|0x000000070b000000, 0x000000070b200000, 0x000000070b200000|100%| O|  |TAMS 0x000000070b000000, 0x000000070b000000| Untracked 
|  45|0x000000070b200000, 0x000000070b400000, 0x000000070b400000|100%| O|  |TAMS 0x000000070b200000, 0x000000070b200000| Untracked 
|  46|0x000000070b400000, 0x000000070b600000, 0x000000070b600000|100%| O|  |TAMS 0x000000070b400000, 0x000000070b400000| Untracked 
|  47|0x000000070b600000, 0x000000070b800000, 0x000000070b800000|100%| O|  |TAMS 0x000000070b600000, 0x000000070b600000| Untracked 
|  48|0x000000070b800000, 0x000000070ba00000, 0x000000070ba00000|100%| O|  |TAMS 0x000000070b800000, 0x000000070b800000| Untracked 
|  49|0x000000070ba00000, 0x000000070bc00000, 0x000000070bc00000|100%| O|  |TAMS 0x000000070ba00000, 0x000000070ba00000| Untracked 
|  50|0x000000070bc00000, 0x000000070be00000, 0x000000070be00000|100%| O|  |TAMS 0x000000070bc00000, 0x000000070bc00000| Untracked 
|  51|0x000000070be00000, 0x000000070c000000, 0x000000070c000000|100%| O|  |TAMS 0x000000070be00000, 0x000000070be00000| Untracked 
|  52|0x000000070c000000, 0x000000070c200000, 0x000000070c200000|100%| O|  |TAMS 0x000000070c000000, 0x000000070c000000| Untracked 
|  53|0x000000070c200000, 0x000000070c400000, 0x000000070c400000|100%| O|  |TAMS 0x000000070c200000, 0x000000070c200000| Untracked 
|  54|0x000000070c400000, 0x000000070c600000, 0x000000070c600000|100%| O|  |TAMS 0x000000070c400000, 0x000000070c400000| Untracked 
|  55|0x000000070c600000, 0x000000070c800000, 0x000000070c800000|100%| O|  |TAMS 0x000000070c600000, 0x000000070c600000| Untracked 
|  56|0x000000070c800000, 0x000000070ca00000, 0x000000070ca00000|100%| O|  |TAMS 0x000000070c800000, 0x000000070c800000| Untracked 
|  57|0x000000070ca00000, 0x000000070cc00000, 0x000000070cc00000|100%| O|  |TAMS 0x000000070ca00000, 0x000000070ca00000| Untracked 
|  58|0x000000070cc00000, 0x000000070cca3800, 0x000000070ce00000| 31%| O|  |TAMS 0x000000070cc00000, 0x000000070cc00000| Untracked 
|  59|0x000000070ce00000, 0x000000070ce00000, 0x000000070d000000|  0%| F|  |TAMS 0x000000070ce00000, 0x000000070ce00000| Untracked 
|  60|0x000000070d000000, 0x000000070d000000, 0x000000070d200000|  0%| F|  |TAMS 0x000000070d000000, 0x000000070d000000| Untracked 
|  61|0x000000070d200000, 0x000000070d200000, 0x000000070d400000|  0%| F|  |TAMS 0x000000070d200000, 0x000000070d200000| Untracked 
|  62|0x000000070d400000, 0x000000070d400000, 0x000000070d600000|  0%| F|  |TAMS 0x000000070d400000, 0x000000070d400000| Untracked 
|  63|0x000000070d600000, 0x000000070d600000, 0x000000070d800000|  0%| F|  |TAMS 0x000000070d600000, 0x000000070d600000| Untracked 
|  64|0x000000070d800000, 0x000000070d800000, 0x000000070da00000|  0%| F|  |TAMS 0x000000070d800000, 0x000000070d800000| Untracked 
|  65|0x000000070da00000, 0x000000070da00000, 0x000000070dc00000|  0%| F|  |TAMS 0x000000070da00000, 0x000000070da00000| Untracked 
|  66|0x000000070dc00000, 0x000000070dc00000, 0x000000070de00000|  0%| F|  |TAMS 0x000000070dc00000, 0x000000070dc00000| Untracked 
|  67|0x000000070de00000, 0x000000070de00000, 0x000000070e000000|  0%| F|  |TAMS 0x000000070de00000, 0x000000070de00000| Untracked 
|  68|0x000000070e000000, 0x000000070e000000, 0x000000070e200000|  0%| F|  |TAMS 0x000000070e000000, 0x000000070e000000| Untracked 
|  69|0x000000070e200000, 0x000000070e200000, 0x000000070e400000|  0%| F|  |TAMS 0x000000070e200000, 0x000000070e200000| Untracked 
|  70|0x000000070e400000, 0x000000070e400000, 0x000000070e600000|  0%| F|  |TAMS 0x000000070e400000, 0x000000070e400000| Untracked 
|  71|0x000000070e600000, 0x000000070e600000, 0x000000070e800000|  0%| F|  |TAMS 0x000000070e600000, 0x000000070e600000| Untracked 
|  72|0x000000070e800000, 0x000000070e800000, 0x000000070ea00000|  0%| F|  |TAMS 0x000000070e800000, 0x000000070e800000| Untracked 
|  73|0x000000070ea00000, 0x000000070ea00000, 0x000000070ec00000|  0%| F|  |TAMS 0x000000070ea00000, 0x000000070ea00000| Untracked 
|  74|0x000000070ec00000, 0x000000070ec00000, 0x000000070ee00000|  0%| F|  |TAMS 0x000000070ec00000, 0x000000070ec00000| Untracked 
|  75|0x000000070ee00000, 0x000000070ee00000, 0x000000070f000000|  0%| F|  |TAMS 0x000000070ee00000, 0x000000070ee00000| Untracked 
|  76|0x000000070f000000, 0x000000070f000000, 0x000000070f200000|  0%| F|  |TAMS 0x000000070f000000, 0x000000070f000000| Untracked 
|  77|0x000000070f200000, 0x000000070f200000, 0x000000070f400000|  0%| F|  |TAMS 0x000000070f200000, 0x000000070f200000| Untracked 
|  78|0x000000070f400000, 0x000000070f400000, 0x000000070f600000|  0%| F|  |TAMS 0x000000070f400000, 0x000000070f400000| Untracked 
|  79|0x000000070f600000, 0x000000070f600000, 0x000000070f800000|  0%| F|  |TAMS 0x000000070f600000, 0x000000070f600000| Untracked 
|  80|0x000000070f800000, 0x000000070f800000, 0x000000070fa00000|  0%| F|  |TAMS 0x000000070f800000, 0x000000070f800000| Untracked 
|  81|0x000000070fa00000, 0x000000070fa00000, 0x000000070fc00000|  0%| F|  |TAMS 0x000000070fa00000, 0x000000070fa00000| Untracked 
|  82|0x000000070fc00000, 0x000000070fc00000, 0x000000070fe00000|  0%| F|  |TAMS 0x000000070fc00000, 0x000000070fc00000| Untracked 
|  83|0x000000070fe00000, 0x000000070fe00000, 0x0000000710000000|  0%| F|  |TAMS 0x000000070fe00000, 0x000000070fe00000| Untracked 
|  84|0x0000000710000000, 0x0000000710000000, 0x0000000710200000|  0%| F|  |TAMS 0x0000000710000000, 0x0000000710000000| Untracked 
|  85|0x0000000710200000, 0x0000000710200000, 0x0000000710400000|  0%| F|  |TAMS 0x0000000710200000, 0x0000000710200000| Untracked 
|  86|0x0000000710400000, 0x0000000710400000, 0x0000000710600000|  0%| F|  |TAMS 0x0000000710400000, 0x0000000710400000| Untracked 
|  87|0x0000000710600000, 0x0000000710600000, 0x0000000710800000|  0%| F|  |TAMS 0x0000000710600000, 0x0000000710600000| Untracked 
|  88|0x0000000710800000, 0x0000000710800000, 0x0000000710a00000|  0%| F|  |TAMS 0x0000000710800000, 0x0000000710800000| Untracked 
|  89|0x0000000710a00000, 0x0000000710a00000, 0x0000000710c00000|  0%| F|  |TAMS 0x0000000710a00000, 0x0000000710a00000| Untracked 
|  90|0x0000000710c00000, 0x0000000710c00000, 0x0000000710e00000|  0%| F|  |TAMS 0x0000000710c00000, 0x0000000710c00000| Untracked 
|  91|0x0000000710e00000, 0x0000000710e00000, 0x0000000711000000|  0%| F|  |TAMS 0x0000000710e00000, 0x0000000710e00000| Untracked 
|  92|0x0000000711000000, 0x0000000711000000, 0x0000000711200000|  0%| F|  |TAMS 0x0000000711000000, 0x0000000711000000| Untracked 
|  93|0x0000000711200000, 0x0000000711200000, 0x0000000711400000|  0%| F|  |TAMS 0x0000000711200000, 0x0000000711200000| Untracked 
|  94|0x0000000711400000, 0x0000000711400000, 0x0000000711600000|  0%| F|  |TAMS 0x0000000711400000, 0x0000000711400000| Untracked 
|  95|0x0000000711600000, 0x0000000711600000, 0x0000000711800000|  0%| F|  |TAMS 0x0000000711600000, 0x0000000711600000| Untracked 
|  96|0x0000000711800000, 0x0000000711800000, 0x0000000711a00000|  0%| F|  |TAMS 0x0000000711800000, 0x0000000711800000| Untracked 
|  97|0x0000000711a00000, 0x0000000711a00000, 0x0000000711c00000|  0%| F|  |TAMS 0x0000000711a00000, 0x0000000711a00000| Untracked 
|  98|0x0000000711c00000, 0x0000000711e00000, 0x0000000711e00000|100%| S|CS|TAMS 0x0000000711c00000, 0x0000000711c00000| Complete 
|  99|0x0000000711e00000, 0x0000000712000000, 0x0000000712000000|100%| S|CS|TAMS 0x0000000711e00000, 0x0000000711e00000| Complete 
| 100|0x0000000712000000, 0x0000000712200000, 0x0000000712200000|100%| S|CS|TAMS 0x0000000712000000, 0x0000000712000000| Complete 
| 101|0x0000000712200000, 0x0000000712400000, 0x0000000712400000|100%| S|CS|TAMS 0x0000000712200000, 0x0000000712200000| Complete 
| 102|0x0000000712400000, 0x0000000712600000, 0x0000000712600000|100%| S|CS|TAMS 0x0000000712400000, 0x0000000712400000| Complete 
| 103|0x0000000712600000, 0x0000000712800000, 0x0000000712800000|100%| S|CS|TAMS 0x0000000712600000, 0x0000000712600000| Complete 
| 104|0x0000000712800000, 0x0000000712a00000, 0x0000000712a00000|100%| S|CS|TAMS 0x0000000712800000, 0x0000000712800000| Complete 
| 105|0x0000000712a00000, 0x0000000712c00000, 0x0000000712c00000|100%| S|CS|TAMS 0x0000000712a00000, 0x0000000712a00000| Complete 
| 106|0x0000000712c00000, 0x0000000712e00000, 0x0000000712e00000|100%| S|CS|TAMS 0x0000000712c00000, 0x0000000712c00000| Complete 
| 107|0x0000000712e00000, 0x0000000713000000, 0x0000000713000000|100%| S|CS|TAMS 0x0000000712e00000, 0x0000000712e00000| Complete 
| 108|0x0000000713000000, 0x0000000713000000, 0x0000000713200000|  0%| F|  |TAMS 0x0000000713000000, 0x0000000713000000| Untracked 
| 109|0x0000000713200000, 0x0000000713200000, 0x0000000713400000|  0%| F|  |TAMS 0x0000000713200000, 0x0000000713200000| Untracked 
| 110|0x0000000713400000, 0x0000000713400000, 0x0000000713600000|  0%| F|  |TAMS 0x0000000713400000, 0x0000000713400000| Untracked 
| 111|0x0000000713600000, 0x0000000713600000, 0x0000000713800000|  0%| F|  |TAMS 0x0000000713600000, 0x0000000713600000| Untracked 
| 112|0x0000000713800000, 0x0000000713800000, 0x0000000713a00000|  0%| F|  |TAMS 0x0000000713800000, 0x0000000713800000| Untracked 
| 113|0x0000000713a00000, 0x0000000713a00000, 0x0000000713c00000|  0%| F|  |TAMS 0x0000000713a00000, 0x0000000713a00000| Untracked 
| 114|0x0000000713c00000, 0x0000000713c00000, 0x0000000713e00000|  0%| F|  |TAMS 0x0000000713c00000, 0x0000000713c00000| Untracked 
| 115|0x0000000713e00000, 0x0000000713e00000, 0x0000000714000000|  0%| F|  |TAMS 0x0000000713e00000, 0x0000000713e00000| Untracked 
| 116|0x0000000714000000, 0x0000000714000000, 0x0000000714200000|  0%| F|  |TAMS 0x0000000714000000, 0x0000000714000000| Untracked 
| 117|0x0000000714200000, 0x0000000714200000, 0x0000000714400000|  0%| F|  |TAMS 0x0000000714200000, 0x0000000714200000| Untracked 
| 118|0x0000000714400000, 0x0000000714400000, 0x0000000714600000|  0%| F|  |TAMS 0x0000000714400000, 0x0000000714400000| Untracked 
| 119|0x0000000714600000, 0x0000000714600000, 0x0000000714800000|  0%| F|  |TAMS 0x0000000714600000, 0x0000000714600000| Untracked 
| 120|0x0000000714800000, 0x0000000714800000, 0x0000000714a00000|  0%| F|  |TAMS 0x0000000714800000, 0x0000000714800000| Untracked 
| 121|0x0000000714a00000, 0x0000000714a00000, 0x0000000714c00000|  0%| F|  |TAMS 0x0000000714a00000, 0x0000000714a00000| Untracked 
| 122|0x0000000714c00000, 0x0000000714c00000, 0x0000000714e00000|  0%| F|  |TAMS 0x0000000714c00000, 0x0000000714c00000| Untracked 
| 123|0x0000000714e00000, 0x0000000714e00000, 0x0000000715000000|  0%| F|  |TAMS 0x0000000714e00000, 0x0000000714e00000| Untracked 
| 124|0x0000000715000000, 0x0000000715000000, 0x0000000715200000|  0%| F|  |TAMS 0x0000000715000000, 0x0000000715000000| Untracked 
| 125|0x0000000715200000, 0x0000000715200000, 0x0000000715400000|  0%| F|  |TAMS 0x0000000715200000, 0x0000000715200000| Untracked 
| 126|0x0000000715400000, 0x0000000715400000, 0x0000000715600000|  0%| F|  |TAMS 0x0000000715400000, 0x0000000715400000| Untracked 
| 127|0x0000000715600000, 0x0000000715600000, 0x0000000715800000|  0%| F|  |TAMS 0x0000000715600000, 0x0000000715600000| Untracked 
| 128|0x0000000715800000, 0x0000000715800000, 0x0000000715a00000|  0%| F|  |TAMS 0x0000000715800000, 0x0000000715800000| Untracked 
| 129|0x0000000715a00000, 0x0000000715a00000, 0x0000000715c00000|  0%| F|  |TAMS 0x0000000715a00000, 0x0000000715a00000| Untracked 
| 130|0x0000000715c00000, 0x0000000715c00000, 0x0000000715e00000|  0%| F|  |TAMS 0x0000000715c00000, 0x0000000715c00000| Untracked 
| 131|0x0000000715e00000, 0x0000000715e00000, 0x0000000716000000|  0%| F|  |TAMS 0x0000000715e00000, 0x0000000715e00000| Untracked 
| 132|0x0000000716000000, 0x0000000716000000, 0x0000000716200000|  0%| F|  |TAMS 0x0000000716000000, 0x0000000716000000| Untracked 
| 133|0x0000000716200000, 0x0000000716200000, 0x0000000716400000|  0%| F|  |TAMS 0x0000000716200000, 0x0000000716200000| Untracked 
| 134|0x0000000716400000, 0x0000000716400000, 0x0000000716600000|  0%| F|  |TAMS 0x0000000716400000, 0x0000000716400000| Untracked 
| 135|0x0000000716600000, 0x0000000716600000, 0x0000000716800000|  0%| F|  |TAMS 0x0000000716600000, 0x0000000716600000| Untracked 
| 136|0x0000000716800000, 0x0000000716800000, 0x0000000716a00000|  0%| F|  |TAMS 0x0000000716800000, 0x0000000716800000| Untracked 
| 137|0x0000000716a00000, 0x0000000716a00000, 0x0000000716c00000|  0%| F|  |TAMS 0x0000000716a00000, 0x0000000716a00000| Untracked 
| 138|0x0000000716c00000, 0x0000000716c00000, 0x0000000716e00000|  0%| F|  |TAMS 0x0000000716c00000, 0x0000000716c00000| Untracked 
| 139|0x0000000716e00000, 0x0000000716e00000, 0x0000000717000000|  0%| F|  |TAMS 0x0000000716e00000, 0x0000000716e00000| Untracked 
| 140|0x0000000717000000, 0x0000000717000000, 0x0000000717200000|  0%| F|  |TAMS 0x0000000717000000, 0x0000000717000000| Untracked 
| 141|0x0000000717200000, 0x0000000717200000, 0x0000000717400000|  0%| F|  |TAMS 0x0000000717200000, 0x0000000717200000| Untracked 
| 142|0x0000000717400000, 0x0000000717400000, 0x0000000717600000|  0%| F|  |TAMS 0x0000000717400000, 0x0000000717400000| Untracked 
| 143|0x0000000717600000, 0x0000000717600000, 0x0000000717800000|  0%| F|  |TAMS 0x0000000717600000, 0x0000000717600000| Untracked 
| 144|0x0000000717800000, 0x0000000717800000, 0x0000000717a00000|  0%| F|  |TAMS 0x0000000717800000, 0x0000000717800000| Untracked 
| 145|0x0000000717a00000, 0x0000000717a00000, 0x0000000717c00000|  0%| F|  |TAMS 0x0000000717a00000, 0x0000000717a00000| Untracked 
| 146|0x0000000717c00000, 0x0000000717c00000, 0x0000000717e00000|  0%| F|  |TAMS 0x0000000717c00000, 0x0000000717c00000| Untracked 
| 147|0x0000000717e00000, 0x0000000717e00000, 0x0000000718000000|  0%| F|  |TAMS 0x0000000717e00000, 0x0000000717e00000| Untracked 
| 148|0x0000000718000000, 0x0000000718000000, 0x0000000718200000|  0%| F|  |TAMS 0x0000000718000000, 0x0000000718000000| Untracked 
| 149|0x0000000718200000, 0x0000000718200000, 0x0000000718400000|  0%| F|  |TAMS 0x0000000718200000, 0x0000000718200000| Untracked 
| 150|0x0000000718400000, 0x0000000718400000, 0x0000000718600000|  0%| F|  |TAMS 0x0000000718400000, 0x0000000718400000| Untracked 
| 151|0x0000000718600000, 0x0000000718600000, 0x0000000718800000|  0%| F|  |TAMS 0x0000000718600000, 0x0000000718600000| Untracked 
| 152|0x0000000718800000, 0x0000000718800000, 0x0000000718a00000|  0%| F|  |TAMS 0x0000000718800000, 0x0000000718800000| Untracked 
| 153|0x0000000718a00000, 0x0000000718a00000, 0x0000000718c00000|  0%| F|  |TAMS 0x0000000718a00000, 0x0000000718a00000| Untracked 
| 154|0x0000000718c00000, 0x0000000718c00000, 0x0000000718e00000|  0%| F|  |TAMS 0x0000000718c00000, 0x0000000718c00000| Untracked 
| 155|0x0000000718e00000, 0x0000000718e00000, 0x0000000719000000|  0%| F|  |TAMS 0x0000000718e00000, 0x0000000718e00000| Untracked 
| 156|0x0000000719000000, 0x0000000719000000, 0x0000000719200000|  0%| F|  |TAMS 0x0000000719000000, 0x0000000719000000| Untracked 
| 157|0x0000000719200000, 0x0000000719200000, 0x0000000719400000|  0%| F|  |TAMS 0x0000000719200000, 0x0000000719200000| Untracked 
| 158|0x0000000719400000, 0x0000000719400000, 0x0000000719600000|  0%| F|  |TAMS 0x0000000719400000, 0x0000000719400000| Untracked 
| 159|0x0000000719600000, 0x0000000719600000, 0x0000000719800000|  0%| F|  |TAMS 0x0000000719600000, 0x0000000719600000| Untracked 
| 160|0x0000000719800000, 0x0000000719800000, 0x0000000719a00000|  0%| F|  |TAMS 0x0000000719800000, 0x0000000719800000| Untracked 
| 161|0x0000000719a00000, 0x0000000719a00000, 0x0000000719c00000|  0%| F|  |TAMS 0x0000000719a00000, 0x0000000719a00000| Untracked 
| 162|0x0000000719c00000, 0x0000000719c00000, 0x0000000719e00000|  0%| F|  |TAMS 0x0000000719c00000, 0x0000000719c00000| Untracked 
| 163|0x0000000719e00000, 0x0000000719e00000, 0x000000071a000000|  0%| F|  |TAMS 0x0000000719e00000, 0x0000000719e00000| Untracked 
| 164|0x000000071a000000, 0x000000071a000000, 0x000000071a200000|  0%| F|  |TAMS 0x000000071a000000, 0x000000071a000000| Untracked 
| 165|0x000000071a200000, 0x000000071a200000, 0x000000071a400000|  0%| F|  |TAMS 0x000000071a200000, 0x000000071a200000| Untracked 
| 166|0x000000071a400000, 0x000000071a400000, 0x000000071a600000|  0%| F|  |TAMS 0x000000071a400000, 0x000000071a400000| Untracked 
| 167|0x000000071a600000, 0x000000071a600000, 0x000000071a800000|  0%| F|  |TAMS 0x000000071a600000, 0x000000071a600000| Untracked 
| 168|0x000000071a800000, 0x000000071a800000, 0x000000071aa00000|  0%| F|  |TAMS 0x000000071a800000, 0x000000071a800000| Untracked 
| 169|0x000000071aa00000, 0x000000071aa00000, 0x000000071ac00000|  0%| F|  |TAMS 0x000000071aa00000, 0x000000071aa00000| Untracked 
| 170|0x000000071ac00000, 0x000000071ac00000, 0x000000071ae00000|  0%| F|  |TAMS 0x000000071ac00000, 0x000000071ac00000| Untracked 
| 171|0x000000071ae00000, 0x000000071ae00000, 0x000000071b000000|  0%| F|  |TAMS 0x000000071ae00000, 0x000000071ae00000| Untracked 
| 172|0x000000071b000000, 0x000000071b000000, 0x000000071b200000|  0%| F|  |TAMS 0x000000071b000000, 0x000000071b000000| Untracked 
| 173|0x000000071b200000, 0x000000071b200000, 0x000000071b400000|  0%| F|  |TAMS 0x000000071b200000, 0x000000071b200000| Untracked 
| 174|0x000000071b400000, 0x000000071b400000, 0x000000071b600000|  0%| F|  |TAMS 0x000000071b400000, 0x000000071b400000| Untracked 
| 175|0x000000071b600000, 0x000000071b600000, 0x000000071b800000|  0%| F|  |TAMS 0x000000071b600000, 0x000000071b600000| Untracked 
| 176|0x000000071b800000, 0x000000071b800000, 0x000000071ba00000|  0%| F|  |TAMS 0x000000071b800000, 0x000000071b800000| Untracked 
| 177|0x000000071ba00000, 0x000000071ba00000, 0x000000071bc00000|  0%| F|  |TAMS 0x000000071ba00000, 0x000000071ba00000| Untracked 
| 178|0x000000071bc00000, 0x000000071bc00000, 0x000000071be00000|  0%| F|  |TAMS 0x000000071bc00000, 0x000000071bc00000| Untracked 
| 179|0x000000071be00000, 0x000000071be00000, 0x000000071c000000|  0%| F|  |TAMS 0x000000071be00000, 0x000000071be00000| Untracked 
| 180|0x000000071c000000, 0x000000071c000000, 0x000000071c200000|  0%| F|  |TAMS 0x000000071c000000, 0x000000071c000000| Untracked 
| 181|0x000000071c200000, 0x000000071c200000, 0x000000071c400000|  0%| F|  |TAMS 0x000000071c200000, 0x000000071c200000| Untracked 
| 182|0x000000071c400000, 0x000000071c400000, 0x000000071c600000|  0%| F|  |TAMS 0x000000071c400000, 0x000000071c400000| Untracked 
| 183|0x000000071c600000, 0x000000071c600000, 0x000000071c800000|  0%| F|  |TAMS 0x000000071c600000, 0x000000071c600000| Untracked 
| 184|0x000000071c800000, 0x000000071c800000, 0x000000071ca00000|  0%| F|  |TAMS 0x000000071c800000, 0x000000071c800000| Untracked 
| 185|0x000000071ca00000, 0x000000071ca00000, 0x000000071cc00000|  0%| F|  |TAMS 0x000000071ca00000, 0x000000071ca00000| Untracked 
| 186|0x000000071cc00000, 0x000000071cc00000, 0x000000071ce00000|  0%| F|  |TAMS 0x000000071cc00000, 0x000000071cc00000| Untracked 
| 187|0x000000071ce00000, 0x000000071ce00000, 0x000000071d000000|  0%| F|  |TAMS 0x000000071ce00000, 0x000000071ce00000| Untracked 
| 188|0x000000071d000000, 0x000000071d000000, 0x000000071d200000|  0%| F|  |TAMS 0x000000071d000000, 0x000000071d000000| Untracked 
| 189|0x000000071d200000, 0x000000071d200000, 0x000000071d400000|  0%| F|  |TAMS 0x000000071d200000, 0x000000071d200000| Untracked 
| 190|0x000000071d400000, 0x000000071d400000, 0x000000071d600000|  0%| F|  |TAMS 0x000000071d400000, 0x000000071d400000| Untracked 
| 191|0x000000071d600000, 0x000000071d600000, 0x000000071d800000|  0%| F|  |TAMS 0x000000071d600000, 0x000000071d600000| Untracked 
| 192|0x000000071d800000, 0x000000071d800000, 0x000000071da00000|  0%| F|  |TAMS 0x000000071d800000, 0x000000071d800000| Untracked 
| 193|0x000000071da00000, 0x000000071da00000, 0x000000071dc00000|  0%| F|  |TAMS 0x000000071da00000, 0x000000071da00000| Untracked 
| 194|0x000000071dc00000, 0x000000071dc00000, 0x000000071de00000|  0%| F|  |TAMS 0x000000071dc00000, 0x000000071dc00000| Untracked 
| 195|0x000000071de00000, 0x000000071de00000, 0x000000071e000000|  0%| F|  |TAMS 0x000000071de00000, 0x000000071de00000| Untracked 
| 196|0x000000071e000000, 0x000000071e000000, 0x000000071e200000|  0%| F|  |TAMS 0x000000071e000000, 0x000000071e000000| Untracked 
| 197|0x000000071e200000, 0x000000071e200000, 0x000000071e400000|  0%| F|  |TAMS 0x000000071e200000, 0x000000071e200000| Untracked 
| 198|0x000000071e400000, 0x000000071e400000, 0x000000071e600000|  0%| F|  |TAMS 0x000000071e400000, 0x000000071e400000| Untracked 
| 199|0x000000071e600000, 0x000000071e600000, 0x000000071e800000|  0%| F|  |TAMS 0x000000071e600000, 0x000000071e600000| Untracked 
| 200|0x000000071e800000, 0x000000071e800000, 0x000000071ea00000|  0%| F|  |TAMS 0x000000071e800000, 0x000000071e800000| Untracked 
| 201|0x000000071ea00000, 0x000000071ea00000, 0x000000071ec00000|  0%| F|  |TAMS 0x000000071ea00000, 0x000000071ea00000| Untracked 
| 202|0x000000071ec00000, 0x000000071ec00000, 0x000000071ee00000|  0%| F|  |TAMS 0x000000071ec00000, 0x000000071ec00000| Untracked 
| 203|0x000000071ee00000, 0x000000071ee00000, 0x000000071f000000|  0%| F|  |TAMS 0x000000071ee00000, 0x000000071ee00000| Untracked 
| 204|0x000000071f000000, 0x000000071f000000, 0x000000071f200000|  0%| F|  |TAMS 0x000000071f000000, 0x000000071f000000| Untracked 
| 205|0x000000071f200000, 0x000000071f200000, 0x000000071f400000|  0%| F|  |TAMS 0x000000071f200000, 0x000000071f200000| Untracked 
| 206|0x000000071f400000, 0x000000071f400000, 0x000000071f600000|  0%| F|  |TAMS 0x000000071f400000, 0x000000071f400000| Untracked 
| 207|0x000000071f600000, 0x000000071f600000, 0x000000071f800000|  0%| F|  |TAMS 0x000000071f600000, 0x000000071f600000| Untracked 
| 208|0x000000071f800000, 0x000000071f800000, 0x000000071fa00000|  0%| F|  |TAMS 0x000000071f800000, 0x000000071f800000| Untracked 
| 209|0x000000071fa00000, 0x000000071fa00000, 0x000000071fc00000|  0%| F|  |TAMS 0x000000071fa00000, 0x000000071fa00000| Untracked 
| 210|0x000000071fc00000, 0x000000071fc00000, 0x000000071fe00000|  0%| F|  |TAMS 0x000000071fc00000, 0x000000071fc00000| Untracked 
| 211|0x000000071fe00000, 0x000000071fe00000, 0x0000000720000000|  0%| F|  |TAMS 0x000000071fe00000, 0x000000071fe00000| Untracked 
| 212|0x0000000720000000, 0x0000000720000000, 0x0000000720200000|  0%| F|  |TAMS 0x0000000720000000, 0x0000000720000000| Untracked 
| 213|0x0000000720200000, 0x0000000720200000, 0x0000000720400000|  0%| F|  |TAMS 0x0000000720200000, 0x0000000720200000| Untracked 
| 214|0x0000000720400000, 0x0000000720400000, 0x0000000720600000|  0%| F|  |TAMS 0x0000000720400000, 0x0000000720400000| Untracked 
| 215|0x0000000720600000, 0x0000000720600000, 0x0000000720800000|  0%| F|  |TAMS 0x0000000720600000, 0x0000000720600000| Untracked 
| 216|0x0000000720800000, 0x0000000720800000, 0x0000000720a00000|  0%| F|  |TAMS 0x0000000720800000, 0x0000000720800000| Untracked 
| 217|0x0000000720a00000, 0x0000000720a00000, 0x0000000720c00000|  0%| F|  |TAMS 0x0000000720a00000, 0x0000000720a00000| Untracked 
| 218|0x0000000720c00000, 0x0000000720c00000, 0x0000000720e00000|  0%| F|  |TAMS 0x0000000720c00000, 0x0000000720c00000| Untracked 
| 219|0x0000000720e00000, 0x0000000720e00000, 0x0000000721000000|  0%| F|  |TAMS 0x0000000720e00000, 0x0000000720e00000| Untracked 
| 220|0x0000000721000000, 0x0000000721000000, 0x0000000721200000|  0%| F|  |TAMS 0x0000000721000000, 0x0000000721000000| Untracked 
| 221|0x0000000721200000, 0x0000000721200000, 0x0000000721400000|  0%| F|  |TAMS 0x0000000721200000, 0x0000000721200000| Untracked 
| 222|0x0000000721400000, 0x0000000721400000, 0x0000000721600000|  0%| F|  |TAMS 0x0000000721400000, 0x0000000721400000| Untracked 
| 223|0x0000000721600000, 0x0000000721600000, 0x0000000721800000|  0%| F|  |TAMS 0x0000000721600000, 0x0000000721600000| Untracked 
| 224|0x0000000721800000, 0x0000000721800000, 0x0000000721a00000|  0%| F|  |TAMS 0x0000000721800000, 0x0000000721800000| Untracked 
| 225|0x0000000721a00000, 0x0000000721a00000, 0x0000000721c00000|  0%| F|  |TAMS 0x0000000721a00000, 0x0000000721a00000| Untracked 

Card table byte_map: [0x000001a8a0700000,0x000001a8a0ee0000] _byte_map_base: 0x000001a89ced4000

Marking Bits (Prev, Next): (CMBitMap*) 0x000001a886dd14b0, (CMBitMap*) 0x000001a886dd14f0
 Prev Bits: [0x000001a8a16c0000, 0x000001a8a5560000)
 Next Bits: [0x000001a8a5560000, 0x000001a8a9400000)

Polling page: 0x000001a886e20000

Metaspace:

Usage:
  Non-class:      6.93 MB used.
      Class:    841.05 KB used.
       Both:      7.75 MB used.

Virtual space:
  Non-class space:       64.00 MB reserved,       7.06 MB ( 11%) committed,  1 nodes.
      Class space:        1.00 GB reserved,     960.00 KB ( <1%) committed,  1 nodes.
             Both:        1.06 GB reserved,       8.00 MB ( <1%) committed. 

Chunk freelists:
   Non-Class:  912.00 KB
       Class:  3.06 MB
        Both:  3.95 MB

MaxMetaspaceSize: unlimited
CompressedClassSpaceSize: 1.00 GB
Initial GC threshold: 21.00 MB
Current GC threshold: 21.00 MB
CDS: on
MetaspaceReclaimPolicy: balanced
 - commit_granule_bytes: 65536.
 - commit_granule_words: 8192.
 - virtual_space_node_default_size: 8388608.
 - enlarge_chunks_in_place: 1.
 - new_chunks_are_fully_committed: 0.
 - uncommit_free_chunks: 1.
 - use_allocation_guard: 0.


Internal statistics:

num_allocs_failed_limit: 0.
num_arena_births: 154.
num_arena_deaths: 0.
num_vsnodes_births: 2.
num_vsnodes_deaths: 0.
num_space_committed: 128.
num_space_uncommitted: 0.
num_chunks_returned_to_freelist: 0.
num_chunks_taken_from_freelist: 180.
num_chunk_merges: 0.
num_chunk_splits: 125.
num_chunks_enlarged: 81.
num_inconsistent_stats: 0.

CodeHeap 'non-profiled nmethods': size=120000Kb used=709Kb max_used=709Kb free=119290Kb
 bounds [0x000001a897f80000, 0x000001a8981f0000, 0x000001a89f4b0000]
CodeHeap 'profiled nmethods': size=120000Kb used=2495Kb max_used=2495Kb free=117504Kb
 bounds [0x000001a8904b0000, 0x000001a890720000, 0x000001a8979e0000]
CodeHeap 'non-nmethods': size=5760Kb used=1377Kb max_used=1425Kb free=4382Kb
 bounds [0x000001a8979e0000, 0x000001a897c50000, 0x000001a897f80000]
 total_blobs=1982 nmethods=1373 adapters=520
 compilation: enabled
              stopped_count=0, restarted_count=0
 full_count=0

Compilation events (20 events):
Event: 3.918 Thread 0x000001a8ab89d2d0 1365       4       java.nio.HeapCharBuffer::compact (85 bytes)
Event: 3.920 Thread 0x000001a8ab89d2d0 nmethod 1365 0x000001a898028990 code [0x000001a898028b20, 0x000001a898028d78]
Event: 3.940 Thread 0x000001a8ab89d2d0 1366       4       java.nio.HeapCharBuffer::slice (49 bytes)
Event: 3.942 Thread 0x000001a8ab89d2d0 nmethod 1366 0x000001a898028f90 code [0x000001a898029120, 0x000001a8980294b8]
Event: 4.090 Thread 0x000001a8ab89d2d0 1367       4       java.lang.ThreadLocal::get (47 bytes)
Event: 4.092 Thread 0x000001a8ab89d2d0 nmethod 1367 0x000001a898029810 code [0x000001a8980299a0, 0x000001a898029b28]
Event: 4.098 Thread 0x000001a8ab89d2d0 1368   !   4       java.util.Scanner::readInput (136 bytes)
Event: 4.139 Thread 0x000001a8ab89d2d0 nmethod 1368 0x000001a898029d10 code [0x000001a898029f80, 0x000001a89802b928]
Event: 4.139 Thread 0x000001a8ab89d2d0 1369       4       java.io.Reader::read (115 bytes)
Event: 4.150 Thread 0x000001a8ab89d2d0 nmethod 1369 0x000001a89802ce90 code [0x000001a89802d0c0, 0x000001a89802e0a8]
Event: 4.150 Thread 0x000001a8ab89d2d0 1370       4       sun.nio.cs.StreamDecoder::lockedRead (189 bytes)
Event: 4.158 Thread 0x000001a8ab89d2d0 nmethod 1370 0x000001a89802ef10 code [0x000001a89802f120, 0x000001a89802fa88]
Event: 4.273 Thread 0x000001a8ab89d2d0 1371   !   4       java.lang.Thread::blockedOn (27 bytes)
Event: 4.275 Thread 0x000001a8ab89d2d0 nmethod 1371 0x000001a898030510 code [0x000001a8980306a0, 0x000001a898030938]
Event: 4.278 Thread 0x000001a8ab89d2d0 1372       4       java.nio.MappedByteBuffer::position (6 bytes)
Event: 4.278 Thread 0x000001a8ab89d2d0 nmethod 1372 0x000001a898030a10 code [0x000001a898030ba0, 0x000001a898030c98]
Event: 4.278 Thread 0x000001a8ab89d2d0 1373       4       java.nio.ByteBuffer::flip (7 bytes)
Event: 4.279 Thread 0x000001a8ab89d2d0 nmethod 1373 0x000001a898030e10 code [0x000001a898030f80, 0x000001a898031018]
Event: 4.282 Thread 0x000001a8ab89d2d0 1374       4       java.lang.ThreadLocal::getCarrierThreadLocal (29 bytes)
Event: 4.283 Thread 0x000001a8ab89d2d0 nmethod 1374 0x000001a898031110 code [0x000001a8980312a0, 0x000001a898031428]

GC Heap History (19 events):
Event: 3.113 GC heap before
{Heap before GC invocations=0 (full 0):
 garbage-first heap   total 258048K, used 49152K [0x0000000705800000, 0x0000000800000000)
  region size 2048K, 11 young (22528K), 0 survivors (0K)
 Metaspace       used 7563K, committed 7744K, reserved 1114112K
  class space    used 820K, committed 896K, reserved 1048576K
}
Event: 3.117 GC heap after
{Heap after GC invocations=1 (full 0):
 garbage-first heap   total 258048K, used 28672K [0x0000000705800000, 0x0000000800000000)
  region size 2048K, 1 young (2048K), 1 survivors (2048K)
 Metaspace       used 7563K, committed 7744K, reserved 1114112K
  class space    used 820K, committed 896K, reserved 1048576K
}
Event: 3.255 GC heap before
{Heap before GC invocations=1 (full 0):
 garbage-first heap   total 258048K, used 65536K [0x0000000705800000, 0x0000000800000000)
  region size 2048K, 19 young (38912K), 1 survivors (2048K)
 Metaspace       used 7898K, committed 8128K, reserved 1114112K
  class space    used 841K, committed 960K, reserved 1048576K
}
Event: 3.259 GC heap after
{Heap after GC invocations=2 (full 0):
 garbage-first heap   total 258048K, used 25158K [0x0000000705800000, 0x0000000800000000)
  region size 2048K, 3 young (6144K), 3 survivors (6144K)
 Metaspace       used 7898K, committed 8128K, reserved 1114112K
  class space    used 841K, committed 960K, reserved 1048576K
}
Event: 3.356 GC heap before
{Heap before GC invocations=2 (full 0):
 garbage-first heap   total 258048K, used 115270K [0x0000000705800000, 0x0000000800000000)
  region size 2048K, 47 young (96256K), 3 survivors (6144K)
 Metaspace       used 7928K, committed 8128K, reserved 1114112K
  class space    used 841K, committed 960K, reserved 1048576K
}
Event: 3.362 GC heap after
{Heap after GC invocations=3 (full 0):
 garbage-first heap   total 258048K, used 31450K [0x0000000705800000, 0x0000000800000000)
  region size 2048K, 6 young (12288K), 6 survivors (12288K)
 Metaspace       used 7928K, committed 8128K, reserved 1114112K
  class space    used 841K, committed 960K, reserved 1048576K
}
Event: 3.473 GC heap before
{Heap before GC invocations=3 (full 0):
 garbage-first heap   total 258048K, used 172762K [0x0000000705800000, 0x0000000800000000)
  region size 2048K, 75 young (153600K), 6 survivors (12288K)
 Metaspace       used 7940K, committed 8192K, reserved 1114112K
  class space    used 841K, committed 960K, reserved 1048576K
}
Event: 3.484 GC heap after
{Heap after GC invocations=4 (full 0):
 garbage-first heap   total 258048K, used 42340K [0x0000000705800000, 0x0000000800000000)
  region size 2048K, 10 young (20480K), 10 survivors (20480K)
 Metaspace       used 7940K, committed 8192K, reserved 1114112K
  class space    used 841K, committed 960K, reserved 1048576K
}
Event: 3.570 GC heap before
{Heap before GC invocations=4 (full 0):
 garbage-first heap   total 258048K, used 175460K [0x0000000705800000, 0x0000000800000000)
  region size 2048K, 75 young (153600K), 10 survivors (20480K)
 Metaspace       used 7940K, committed 8192K, reserved 1114112K
  class space    used 841K, committed 960K, reserved 1048576K
}
Event: 3.581 GC heap after
{Heap after GC invocations=5 (full 0):
 garbage-first heap   total 258048K, used 51705K [0x0000000705800000, 0x0000000800000000)
  region size 2048K, 10 young (20480K), 10 survivors (20480K)
 Metaspace       used 7940K, committed 8192K, reserved 1114112K
  class space    used 841K, committed 960K, reserved 1048576K
}
Event: 3.666 GC heap before
{Heap before GC invocations=5 (full 0):
 garbage-first heap   total 258048K, used 184825K [0x0000000705800000, 0x0000000800000000)
  region size 2048K, 75 young (153600K), 10 survivors (20480K)
 Metaspace       used 7940K, committed 8192K, reserved 1114112K
  class space    used 841K, committed 960K, reserved 1048576K
}
Event: 3.679 GC heap after
{Heap after GC invocations=6 (full 0):
 garbage-first heap   total 462848K, used 62342K [0x0000000705800000, 0x0000000800000000)
  region size 2048K, 10 young (20480K), 10 survivors (20480K)
 Metaspace       used 7940K, committed 8192K, reserved 1114112K
  class space    used 841K, committed 960K, reserved 1048576K
}
Event: 3.921 GC heap before
{Heap before GC invocations=6 (full 0):
 garbage-first heap   total 462848K, used 318342K [0x0000000705800000, 0x0000000800000000)
  region size 2048K, 135 young (276480K), 10 survivors (20480K)
 Metaspace       used 7940K, committed 8192K, reserved 1114112K
  class space    used 841K, committed 960K, reserved 1048576K
}
Event: 3.936 GC heap after
{Heap after GC invocations=7 (full 0):
 garbage-first heap   total 462848K, used 81245K [0x0000000705800000, 0x0000000800000000)
  region size 2048K, 15 young (30720K), 15 survivors (30720K)
 Metaspace       used 7940K, committed 8192K, reserved 1114112K
  class space    used 841K, committed 960K, reserved 1048576K
}
Event: 4.099 GC heap before
{Heap before GC invocations=7 (full 0):
 garbage-first heap   total 462848K, used 327005K [0x0000000705800000, 0x0000000800000000)
  region size 2048K, 135 young (276480K), 15 survivors (30720K)
 Metaspace       used 7940K, committed 8192K, reserved 1114112K
  class space    used 841K, committed 960K, reserved 1048576K
}
Event: 4.118 GC heap after
{Heap after GC invocations=8 (full 0):
 garbage-first heap   total 462848K, used 100016K [0x0000000705800000, 0x0000000800000000)
  region size 2048K, 10 young (20480K), 10 survivors (20480K)
 Metaspace       used 7940K, committed 8192K, reserved 1114112K
  class space    used 841K, committed 960K, reserved 1048576K
}
Event: 4.292 GC heap before
{Heap before GC invocations=8 (full 0):
 garbage-first heap   total 462848K, used 356016K [0x0000000705800000, 0x0000000800000000)
  region size 2048K, 135 young (276480K), 10 survivors (20480K)
 Metaspace       used 7940K, committed 8192K, reserved 1114112K
  class space    used 841K, committed 960K, reserved 1048576K
}
Event: 4.306 GC heap after
{Heap after GC invocations=9 (full 0):
 garbage-first heap   total 462848K, used 118784K [0x0000000705800000, 0x0000000800000000)
  region size 2048K, 17 young (34816K), 17 survivors (34816K)
 Metaspace       used 7940K, committed 8192K, reserved 1114112K
  class space    used 841K, committed 960K, reserved 1048576K
}
Event: 4.470 GC heap before
{Heap before GC invocations=9 (full 0):
 garbage-first heap   total 462848K, used 360448K [0x0000000705800000, 0x0000000800000000)
  region size 2048K, 135 young (276480K), 17 survivors (34816K)
 Metaspace       used 7940K, committed 8192K, reserved 1114112K
  class space    used 841K, committed 960K, reserved 1048576K
}

Dll operation events (9 events):
Event: 0.011 Loaded shared library C:\Program Files\Java\jdk-19\bin\java.dll
Event: 0.041 Loaded shared library C:\Program Files\Java\jdk-19\bin\jsvml.dll
Event: 0.082 Loaded shared library C:\Program Files\Java\jdk-19\bin\jimage.dll
Event: 0.086 Loaded shared library C:\Program Files\Java\jdk-19\bin\net.dll
Event: 0.087 Loaded shared library C:\Program Files\Java\jdk-19\bin\nio.dll
Event: 0.089 Loaded shared library C:\Program Files\Java\jdk-19\bin\zip.dll
Event: 0.100 Loaded shared library C:\Program Files\Java\jdk-19\bin\awt.dll
Event: 0.321 Loaded shared library C:\Program Files\Java\jdk-19\bin\freetype.dll
Event: 0.321 Loaded shared library C:\Program Files\Java\jdk-19\bin\fontmanager.dll

Deoptimization events (20 events):
Event: 3.270 Thread 0x000001a8b11c0830 DEOPT PACKING pc=0x000001a8906dc21a sp=0x000000a29c6fde90
Event: 3.270 Thread 0x000001a8b11c0830 DEOPT UNPACKING pc=0x000001a897a4b0e3 sp=0x000000a29c6fd330 mode 0
Event: 3.271 Thread 0x000001a8b11c0830 DEOPT PACKING pc=0x000001a8906dc21a sp=0x000000a29c6fde90
Event: 3.271 Thread 0x000001a8b11c0830 DEOPT UNPACKING pc=0x000001a897a4b0e3 sp=0x000000a29c6fd330 mode 0
Event: 3.271 Thread 0x000001a8b11c0830 DEOPT PACKING pc=0x000001a8906dc21a sp=0x000000a29c6fde90
Event: 3.271 Thread 0x000001a8b11c0830 DEOPT UNPACKING pc=0x000001a897a4b0e3 sp=0x000000a29c6fd330 mode 0
Event: 3.353 Thread 0x000001a8b11c0830 DEOPT PACKING pc=0x000001a8906df4d4 sp=0x000000a29c6fe090
Event: 3.353 Thread 0x000001a8b11c0830 DEOPT UNPACKING pc=0x000001a897a4b0e3 sp=0x000000a29c6fd7c0 mode 0
Event: 3.554 Thread 0x000001a8b11c0830 Uncommon trap: trap_request=0xffffff45 fr.pc=0x000001a897ff6394 relative=0x0000000000000414
Event: 3.554 Thread 0x000001a8b11c0830 Uncommon trap: reason=unstable_if action=reinterpret pc=0x000001a897ff6394 method=jdk.internal.math.FloatingDecimal.readJavaFormatString(Ljava/lang/String;)Ljdk/internal/math/FloatingDecimal$ASCIIToBinaryConverter; @ 178 c2
Event: 3.554 Thread 0x000001a8b11c0830 DEOPT PACKING pc=0x000001a897ff6394 sp=0x000000a29c6fe270
Event: 3.554 Thread 0x000001a8b11c0830 DEOPT UNPACKING pc=0x000001a897a4a5a3 sp=0x000000a29c6fe198 mode 2
Event: 3.900 Thread 0x000001a8b11c0830 Uncommon trap: trap_request=0xffffff45 fr.pc=0x000001a898025148 relative=0x0000000000001548
Event: 3.900 Thread 0x000001a8b11c0830 Uncommon trap: reason=unstable_if action=reinterpret pc=0x000001a898025148 method=sun.nio.cs.StreamDecoder.implRead([CII)I @ 87 c2
Event: 3.900 Thread 0x000001a8b11c0830 DEOPT PACKING pc=0x000001a898025148 sp=0x000000a29c6fe220
Event: 3.900 Thread 0x000001a8b11c0830 DEOPT UNPACKING pc=0x000001a897a4a5a3 sp=0x000000a29c6fdfb0 mode 2
Event: 3.900 Thread 0x000001a8b11c0830 Uncommon trap: trap_request=0xffffff45 fr.pc=0x000001a898020d70 relative=0x0000000000000db0
Event: 3.900 Thread 0x000001a8b11c0830 Uncommon trap: reason=unstable_if action=reinterpret pc=0x000001a898020d70 method=sun.nio.cs.StreamDecoder.implRead([CII)I @ 98 c2
Event: 3.900 Thread 0x000001a8b11c0830 DEOPT PACKING pc=0x000001a898020d70 sp=0x000000a29c6fe1a0
Event: 3.900 Thread 0x000001a8b11c0830 DEOPT UNPACKING pc=0x000001a897a4a5a3 sp=0x000000a29c6fdfa8 mode 2

Classes loaded (20 events):
Event: 3.130 Loading class jdk/internal/math/FloatingDecimal
Event: 3.130 Loading class jdk/internal/math/FloatingDecimal done
Event: 3.131 Loading class jdk/internal/math/FloatingDecimal$ExceptionalBinaryToASCIIBuffer
Event: 3.131 Loading class jdk/internal/math/FloatingDecimal$BinaryToASCIIConverter
Event: 3.131 Loading class jdk/internal/math/FloatingDecimal$BinaryToASCIIConverter done
Event: 3.131 Loading class jdk/internal/math/FloatingDecimal$ExceptionalBinaryToASCIIBuffer done
Event: 3.132 Loading class jdk/internal/math/FloatingDecimal$BinaryToASCIIBuffer
Event: 3.132 Loading class jdk/internal/math/FloatingDecimal$BinaryToASCIIBuffer done
Event: 3.133 Loading class jdk/internal/math/FloatingDecimal$1
Event: 3.133 Loading class jdk/internal/math/FloatingDecimal$1 done
Event: 3.134 Loading class jdk/internal/math/FloatingDecimal$PreparedASCIIToBinaryBuffer
Event: 3.134 Loading class jdk/internal/math/FloatingDecimal$ASCIIToBinaryConverter
Event: 3.134 Loading class jdk/internal/math/FloatingDecimal$ASCIIToBinaryConverter done
Event: 3.134 Loading class jdk/internal/math/FloatingDecimal$PreparedASCIIToBinaryBuffer done
Event: 3.134 Loading class jdk/internal/math/FloatingDecimal$ASCIIToBinaryBuffer
Event: 3.135 Loading class jdk/internal/math/FloatingDecimal$ASCIIToBinaryBuffer done
Event: 3.178 Loading class java/lang/foreign/MemorySegment
Event: 3.179 Loading class java/lang/foreign/Addressable
Event: 3.179 Loading class java/lang/foreign/Addressable done
Event: 3.179 Loading class java/lang/foreign/MemorySegment done

Classes unloaded (0 events):
No events

Classes redefined (0 events):
No events

Internal exceptions (13 events):
Event: 0.093 Thread 0x000001a886d5e370 Exception <a 'java/lang/ClassNotFoundException'{0x00000007150a25c0}: sun/awt/resources/spi/awtProvider> (0x00000007150a25c0) 
thrown [s\open\src\hotspot\share\classfile\systemDictionary.cpp, line 255]
Event: 0.109 Thread 0x000001a886d5e370 Exception <a 'java/io/FileNotFoundException'{0x00000007150fb920}> (0x00000007150fb920) 
thrown [s\open\src\hotspot\share\prims\jni.cpp, line 517]
Event: 0.116 Thread 0x000001a886d5e370 Exception <a 'java/io/FileNotFoundException'{0x0000000715127e18}> (0x0000000715127e18) 
thrown [s\open\src\hotspot\share\prims\jni.cpp, line 517]
Event: 0.148 Thread 0x000001a886d5e370 Exception <a 'java/lang/NoSuchMethodError'{0x0000000715167c10}: 'java.lang.Object java.lang.invoke.DirectMethodHandle$Holder.invokeStaticInit(java.lang.Object)'> (0x0000000715167c10) 
thrown [s\open\src\hotspot\share\interpreter\linkResolver.cpp, line 774]
Event: 0.176 Thread 0x000001a886d5e370 Exception <a 'java/lang/NoSuchMethodError'{0x00000007151bcb08}: 'void java.lang.invoke.DirectMethodHandle$Holder.invokeSpecial(java.lang.Object, java.lang.Object, java.lang.Object)'> (0x00000007151bcb08) 
thrown [s\open\src\hotspot\share\interpreter\linkResolver.cpp, line 774]
Event: 0.182 Thread 0x000001a886d5e370 Exception <a 'java/lang/NoSuchMethodError'{0x0000000714e967c8}: 'java.lang.Object java.lang.invoke.DirectMethodHandle$Holder.newInvokeSpecial(java.lang.Object, java.lang.Object, java.lang.Object, java.lang.Object, java.lang.Object)'> (0x0000000714e967c8) 
thrown [s\open\src\hotspot\share\interpreter\linkResolver.cpp, line 774]
Event: 0.188 Thread 0x000001a886d5e370 Exception <a 'java/lang/NoSuchMethodError'{0x0000000714ec7eb0}: 'java.lang.Object java.lang.invoke.DirectMethodHandle$Holder.invokeStatic(java.lang.Object, int, java.lang.Object)'> (0x0000000714ec7eb0) 
thrown [s\open\src\hotspot\share\interpreter\linkResolver.cpp, line 774]
Event: 0.214 Thread 0x000001a886d5e370 Exception <a 'java/lang/ClassNotFoundException'{0x0000000714f83b38}: com/sun/swing/internal/plaf/metal/resources/spi/metalProvider> (0x0000000714f83b38) 
thrown [s\open\src\hotspot\share\classfile\systemDictionary.cpp, line 255]
Event: 0.215 Thread 0x000001a886d5e370 Exception <a 'java/lang/ClassNotFoundException'{0x0000000714f87ae8}: com/sun/swing/internal/plaf/basic/resources/spi/basicProvider> (0x0000000714f87ae8) 
thrown [s\open\src\hotspot\share\classfile\systemDictionary.cpp, line 255]
Event: 0.220 Thread 0x000001a886d5e370 Exception <a 'java/lang/NoSuchMethodError'{0x0000000714fa7e48}: 'int java.lang.invoke.Invokers$Holder.invokeExact_MT(java.lang.Object, java.lang.Object)'> (0x0000000714fa7e48) 
thrown [s\open\src\hotspot\share\interpreter\linkResolver.cpp, line 774]
Event: 0.224 Thread 0x000001a8b04e5020 Exception <a 'java/lang/NoSuchMethodError'{0x0000000714fd5dd8}: 'java.lang.Object java.lang.invoke.DirectMethodHandle$Holder.newInvokeSpecial(java.lang.Object, java.lang.Object, java.lang.Object, int, int, int, int, int)'> (0x0000000714fd5dd8) 
thrown [s\open\src\hotspot\share\interpreter\linkResolver.cpp, line 774]
Event: 0.318 Thread 0x000001a886d5e370 Exception <a 'java/lang/NoSuchMethodError'{0x0000000714968348}: 'void java.lang.invoke.DirectMethodHandle$Holder.invokeStaticInit(java.lang.Object)'> (0x0000000714968348) 
thrown [s\open\src\hotspot\share\interpreter\linkResolver.cpp, line 774]
Event: 0.371 Thread 0x000001a8b04670f0 Exception <a 'java/lang/NoSuchMethodError'{0x0000000714e10690}: 'void java.lang.invoke.DirectMethodHandle$Holder.invokeVirtual(java.lang.Object, java.lang.Object)'> (0x0000000714e10690) 
thrown [s\open\src\hotspot\share\interpreter\linkResolver.cpp, line 774]

VM Operations (20 events):
Event: 3.108 Executing VM operation: HandshakeAllThreads done
Event: 3.113 Executing VM operation: G1CollectForAllocation
Event: 3.117 Executing VM operation: G1CollectForAllocation done
Event: 3.255 Executing VM operation: G1CollectForAllocation
Event: 3.259 Executing VM operation: G1CollectForAllocation done
Event: 3.355 Executing VM operation: G1CollectForAllocation
Event: 3.362 Executing VM operation: G1CollectForAllocation done
Event: 3.473 Executing VM operation: G1CollectForAllocation
Event: 3.484 Executing VM operation: G1CollectForAllocation done
Event: 3.570 Executing VM operation: G1CollectForAllocation
Event: 3.581 Executing VM operation: G1CollectForAllocation done
Event: 3.666 Executing VM operation: G1CollectForAllocation
Event: 3.679 Executing VM operation: G1CollectForAllocation done
Event: 3.921 Executing VM operation: G1CollectForAllocation
Event: 3.936 Executing VM operation: G1CollectForAllocation done
Event: 4.098 Executing VM operation: G1CollectForAllocation
Event: 4.118 Executing VM operation: G1CollectForAllocation done
Event: 4.291 Executing VM operation: G1CollectForAllocation
Event: 4.306 Executing VM operation: G1CollectForAllocation done
Event: 4.470 Executing VM operation: G1CollectForAllocation

Events (20 events):
Event: 0.054 Thread 0x000001a8ab8a8240 Thread added: 0x000001a8ab8a8240
Event: 0.054 Thread 0x000001a8b0108070 Thread added: 0x000001a8b0108070
Event: 0.066 Thread 0x000001a8b0228510 Thread added: 0x000001a8b0228510
Event: 0.070 Thread 0x000001a8b0230900 Thread added: 0x000001a8b0230900
Event: 0.149 Thread 0x000001a8b0466670 Thread added: 0x000001a8b0466670
Event: 0.150 Thread 0x000001a8b0466bb0 Thread added: 0x000001a8b0466bb0
Event: 0.151 Thread 0x000001a8b04670f0 Thread added: 0x000001a8b04670f0
Event: 0.223 Thread 0x000001a8b04e5020 Thread added: 0x000001a8b04e5020
Event: 0.288 Thread 0x000001a8b1295a90 Thread added: 0x000001a8b1295a90
Event: 0.303 Thread 0x000001a8b11c0830 Thread added: 0x000001a8b11c0830
Event: 0.310 Thread 0x000001a8ab8a87d0 Thread added: 0x000001a8ab8a87d0
Event: 0.376 Thread 0x000001a886d5e370 Thread exited: 0x000001a886d5e370
Event: 0.376 Thread 0x000001a886d5e370 Thread added: 0x000001a886d5e370
Event: 0.633 Thread 0x000001a8ab8a87d0 Thread exited: 0x000001a8ab8a87d0
Event: 1.469 Thread 0x000001a8ab8a87d0 Thread added: 0x000001a8ab8a87d0
Event: 2.156 Thread 0x000001a8ab8a87d0 Thread exited: 0x000001a8ab8a87d0
Event: 3.128 Thread 0x000001a8ab8a9880 Thread added: 0x000001a8ab8a9880
Event: 3.143 Thread 0x000001a8ab8aaec0 Thread added: 0x000001a8ab8aaec0
Event: 3.519 Thread 0x000001a8ab8aaec0 Thread exited: 0x000001a8ab8aaec0
Event: 3.901 Thread 0x000001a8ab8a9880 Thread exited: 0x000001a8ab8a9880


Dynamic libraries:
0x00007ff66cce0000 - 0x00007ff66ccf0000 	C:\Program Files\Java\jdk-19\bin\javaw.exe
0x00007ffab84b0000 - 0x00007ffab86c7000 	C:\WINDOWS\SYSTEM32\ntdll.dll
0x00007ffab7ad0000 - 0x00007ffab7b94000 	C:\WINDOWS\System32\KERNEL32.DLL
0x00007ffab5bf0000 - 0x00007ffab5f97000 	C:\WINDOWS\System32\KERNELBASE.dll
0x00007ffab57d0000 - 0x00007ffab58e1000 	C:\WINDOWS\System32\ucrtbase.dll
0x00007ffa7bd50000 - 0x00007ffa7bd68000 	C:\Program Files\Java\jdk-19\bin\jli.dll
0x00007ffa7bf10000 - 0x00007ffa7bf2b000 	C:\Program Files\Java\jdk-19\bin\VCRUNTIME140.dll
0x00007ffab7f90000 - 0x00007ffab8042000 	C:\WINDOWS\System32\ADVAPI32.dll
0x00007ffab83c0000 - 0x00007ffab8467000 	C:\WINDOWS\System32\msvcrt.dll
0x00007ffab75d0000 - 0x00007ffab7678000 	C:\WINDOWS\System32\sechost.dll
0x00007ffab5fa0000 - 0x00007ffab5fc8000 	C:\WINDOWS\System32\bcrypt.dll
0x00007ffab82a0000 - 0x00007ffab83b5000 	C:\WINDOWS\System32\RPCRT4.dll
0x00007ffab64f0000 - 0x00007ffab669e000 	C:\WINDOWS\System32\USER32.dll
0x00007ffa925f0000 - 0x00007ffa92883000 	C:\WINDOWS\WinSxS\amd64_microsoft.windows.common-controls_6595b64144ccf1df_6.0.22621.3527_none_270e469b73872a76\COMCTL32.dll
0x00007ffab61b0000 - 0x00007ffab61d6000 	C:\WINDOWS\System32\win32u.dll
0x00007ffab64c0000 - 0x00007ffab64e9000 	C:\WINDOWS\System32\GDI32.dll
0x00007ffab6090000 - 0x00007ffab61a9000 	C:\WINDOWS\System32\gdi32full.dll
0x00007ffab5970000 - 0x00007ffab5a0a000 	C:\WINDOWS\System32\msvcp_win.dll
0x00007ffaa4fe0000 - 0x00007ffaa4fea000 	C:\WINDOWS\SYSTEM32\VERSION.dll
0x00007ffab7950000 - 0x00007ffab7981000 	C:\WINDOWS\System32\IMM32.DLL
0x00007ffa8e2e0000 - 0x00007ffa8e2ec000 	C:\Program Files\Java\jdk-19\bin\vcruntime140_1.dll
0x00007ffa74aa0000 - 0x00007ffa74b2e000 	C:\Program Files\Java\jdk-19\bin\msvcp140.dll
0x00007ffa51c80000 - 0x00007ffa52940000 	C:\Program Files\Java\jdk-19\bin\server\jvm.dll
0x00007ffaa9c80000 - 0x00007ffaa9cb4000 	C:\WINDOWS\SYSTEM32\WINMM.dll
0x00007ffaa5f10000 - 0x00007ffaa5f19000 	C:\WINDOWS\SYSTEM32\WSOCK32.dll
0x00007ffab61e0000 - 0x00007ffab6251000 	C:\WINDOWS\System32\WS2_32.dll
0x00007ffab4820000 - 0x00007ffab4838000 	C:\WINDOWS\SYSTEM32\kernel.appcore.dll
0x00007ffa96820000 - 0x00007ffa9682a000 	C:\Program Files\Java\jdk-19\bin\jimage.dll
0x00007ffab27e0000 - 0x00007ffab2a12000 	C:\WINDOWS\SYSTEM32\DBGHELP.DLL
0x00007ffab7ba0000 - 0x00007ffab7f28000 	C:\WINDOWS\System32\combase.dll
0x00007ffab74c0000 - 0x00007ffab7597000 	C:\WINDOWS\System32\OLEAUT32.dll
0x00007ffa8e9e0000 - 0x00007ffa8ea12000 	C:\WINDOWS\SYSTEM32\dbgcore.DLL
0x00007ffab58f0000 - 0x00007ffab5969000 	C:\WINDOWS\System32\bcryptPrimitives.dll
0x00007ffa86c80000 - 0x00007ffa86ca6000 	C:\Program Files\Java\jdk-19\bin\java.dll
0x00007ffa74d90000 - 0x00007ffa74e67000 	C:\Program Files\Java\jdk-19\bin\jsvml.dll
0x00007ffab6be0000 - 0x00007ffab743c000 	C:\WINDOWS\System32\SHELL32.dll
0x00007ffab36c0000 - 0x00007ffab3fb6000 	C:\WINDOWS\SYSTEM32\windows.storage.dll
0x00007ffab3580000 - 0x00007ffab36be000 	C:\WINDOWS\SYSTEM32\wintypes.dll
0x00007ffab7690000 - 0x00007ffab7785000 	C:\WINDOWS\System32\SHCORE.dll
0x00007ffab6700000 - 0x00007ffab675e000 	C:\WINDOWS\System32\shlwapi.dll
0x00007ffab5700000 - 0x00007ffab5721000 	C:\WINDOWS\SYSTEM32\profapi.dll
0x00007ffa83e10000 - 0x00007ffa83e23000 	C:\Program Files\Java\jdk-19\bin\net.dll
0x00007ffaadd60000 - 0x00007ffaade96000 	C:\WINDOWS\SYSTEM32\WINHTTP.dll
0x00007ffab4d10000 - 0x00007ffab4d79000 	C:\WINDOWS\system32\mswsock.dll
0x00007ffa7ff50000 - 0x00007ffa7ff66000 	C:\Program Files\Java\jdk-19\bin\nio.dll
0x00007ffa7c4c0000 - 0x00007ffa7c4d8000 	C:\Program Files\Java\jdk-19\bin\zip.dll
0x00007ffa6f270000 - 0x00007ffa6f401000 	C:\Program Files\Java\jdk-19\bin\awt.dll
0x00007ffab2a20000 - 0x00007ffab2ab7000 	C:\WINDOWS\SYSTEM32\apphelp.dll
0x00007ffab2f10000 - 0x00007ffab2f3b000 	C:\WINDOWS\system32\DWMAPI.DLL
0x00007ffab2ce0000 - 0x00007ffab2d8b000 	C:\WINDOWS\system32\uxtheme.dll
0x00007ffa92210000 - 0x00007ffa92310000 	C:\WINDOWS\system32\opengl32.dll
0x00007ffa921a0000 - 0x00007ffa921cd000 	C:\WINDOWS\SYSTEM32\GLU32.dll
0x00007ffab2dc0000 - 0x00007ffab2df9000 	C:\WINDOWS\SYSTEM32\dxcore.dll
0x00007ffab6260000 - 0x00007ffab63b3000 	C:\WINDOWS\System32\MSCTF.dll
0x00007ffab77a0000 - 0x00007ffab7945000 	C:\WINDOWS\System32\ole32.dll
0x00007ffa745c0000 - 0x00007ffa74646000 	C:\Program Files\Java\jdk-19\bin\freetype.dll
0x00007ffa72420000 - 0x00007ffa724e6000 	C:\Program Files\Java\jdk-19\bin\fontmanager.dll
0x00007ffaa5fb0000 - 0x00007ffaa60fb000 	C:\WINDOWS\SYSTEM32\textinputframework.dll
0x00007ffa80070000 - 0x00007ffa800d9000 	C:\WINDOWS\system32\Oleacc.dll
0x00007ffab2330000 - 0x00007ffab2463000 	C:\WINDOWS\SYSTEM32\CoreMessaging.dll
0x00007ffaaf560000 - 0x00007ffaaf8cc000 	C:\WINDOWS\SYSTEM32\CoreUIComponents.dll
0x00007ffab4f50000 - 0x00007ffab4f5c000 	C:\WINDOWS\SYSTEM32\CRYPTBASE.DLL

dbghelp: loaded successfully - version: 4.0.5 - missing functions: none
symbol engine: initialized successfully - sym options: 0x614 - pdb path: .;C:\Program Files\Java\jdk-19\bin;C:\WINDOWS\SYSTEM32;C:\WINDOWS\WinSxS\amd64_microsoft.windows.common-controls_6595b64144ccf1df_6.0.22621.3527_none_270e469b73872a76;C:\Program Files\Java\jdk-19\bin\server

VM Arguments:
jvm_args: -Dfile.encoding=UTF-8 -XX:+ShowCodeDetailsInExceptionMessages 
java_command: application.JobspectsApplication
java_class_path (initial): C:\My Stuff\Education\ICS4U1\JobspectsProject\src;C:\My Stuff\Education\ICS4U1\jfreechart-1.0.9\lib\jcommon-1.0.12.jar;C:\My Stuff\Education\ICS4U1\jfreechart-1.0.9\lib\jfreechart-1.0.9.jar
Launcher Type: SUN_STANDARD

[Global flags]
     intx CICompilerCount                          = 4                                         {product} {ergonomic}
     uint ConcGCThreads                            = 2                                         {product} {ergonomic}
     uint G1ConcRefinementThreads                  = 8                                         {product} {ergonomic}
   size_t G1HeapRegionSize                         = 2097152                                   {product} {ergonomic}
    uintx GCDrainStackTargetSize                   = 64                                        {product} {ergonomic}
   size_t InitialHeapSize                          = 264241152                                 {product} {ergonomic}
   size_t MarkStackSize                            = 4194304                                   {product} {ergonomic}
   size_t MaxHeapSize                              = 4202692608                                {product} {ergonomic}
   size_t MaxNewSize                               = 2520776704                                {product} {ergonomic}
   size_t MinHeapDeltaBytes                        = 2097152                                   {product} {ergonomic}
   size_t MinHeapSize                              = 8388608                                   {product} {ergonomic}
    uintx NonNMethodCodeHeapSize                   = 5839372                                {pd product} {ergonomic}
    uintx NonProfiledCodeHeapSize                  = 122909434                              {pd product} {ergonomic}
    uintx ProfiledCodeHeapSize                     = 122909434                              {pd product} {ergonomic}
    uintx ReservedCodeCacheSize                    = 251658240                              {pd product} {ergonomic}
     bool SegmentedCodeCache                       = true                                      {product} {ergonomic}
     bool ShowCodeDetailsInExceptionMessages       = true                                   {manageable} {command line}
   size_t SoftMaxHeapSize                          = 4202692608                             {manageable} {ergonomic}
     bool UseCompressedClassPointers               = true                           {product lp64_product} {ergonomic}
     bool UseCompressedOops                        = true                           {product lp64_product} {ergonomic}
     bool UseG1GC                                  = true                                      {product} {ergonomic}
     bool UseLargePagesIndividualAllocation        = false                                  {pd product} {ergonomic}

Logging:
Log output configuration:
 #0: stdout all=warning uptime,level,tags foldmultilines=false
 #1: stderr all=off uptime,level,tags foldmultilines=false

Environment Variables:
PATH=C:/Program Files/Java/jdk-19/bin/server;C:/Program Files/Java/jdk-19/bin;C:\Python311\Scripts\;C:\Python311\;C:\Program Files\Common Files\Oracle\Java\javapath;C:\Program Files\Eclipse Adoptium\jdk-17.0.5.8-hotspot\bin;C:\Program Files (x86)\Razer Chroma SDK\bin;C:\Program Files\Razer Chroma SDK\bin;C:\Program Files (x86)\Razer\ChromaBroadcast\bin;C:\Program Files\Razer\ChromaBroadcast\bin;C:\windows\system32;C:\windows;C:\windows\System32\Wbem;C:\windows\System32\WindowsPowerShell\v1.0\;C:\windows\System32\OpenSSH\;C:\Program Files\Git\cmd;C:\Users\Gsprg\AppData\Local\Microsoft\WindowsApps;C:\Users\Gsprg\AppData\Local\GitHubDesktop\bin;C:\Program Files\dotnet\;C:\WINDOWS\system32;C:\WINDOWS;C:\WINDOWS\System32\Wbem;C:\WINDOWS\System32\WindowsPowerShell\v1.0\;C:\WINDOWS\System32\OpenSSH\;C:\Program Files\Microsoft SQL Server\150\Tools\Binn\;C:\Program Files\Microsoft SQL Server\Client SDK\ODBC\170\Tools\Binn\;C:\Program Files\nodejs\;C:\ProgramData\chocolatey\bin;;C:\Program Files\HP\HP One Agent;C:\Users\Gsprg\AppData\Local\Microsoft\WindowsApps;C:\Users\Gsprg\AppData\Local\GitHubDesktop\bin;C:\Users\Gsprg\AppData\Local\Programs\Microsoft VS Code\bin;C:\Users\Gsprg\.dotnet\tools;C:\Users\Gsprg\AppData\Roaming\npm;C:\WINDOWS\system32;
USERNAME=Gsprg
OS=Windows_NT
PROCESSOR_IDENTIFIER=Intel64 Family 6 Model 140 Stepping 2, GenuineIntel
TMP=C:\Users\Gsprg\AppData\Local\Temp
TEMP=C:\Users\Gsprg\AppData\Local\Temp



---------------  S Y S T E M  ---------------

OS:
 Windows 11 , 64 bit Build 22621 (10.0.22621.3527)
OS uptime: 3 days 14:16 hours
Hyper-V role detected

CPU: total 8 (initial active 8) (4 cores per cpu, 2 threads per core) family 6 model 140 stepping 2 microcode 0x34, cx8, cmov, fxsr, ht, mmx, 3dnowpref, sse, sse2, sse3, ssse3, sse4.1, sse4.2, popcnt, lzcnt, tsc, tscinvbit, avx, avx2, aes, erms, clmul, bmi1, bmi2, adx, avx512f, avx512dq, avx512cd, avx512bw, avx512vl, sha, fma, vzeroupper, avx512_vpopcntdq, avx512_vpclmulqdq, avx512_vaes, avx512_vnni, clflush, clflushopt, clwb, avx512_vbmi2, avx512_vbmi, hv, rdtscp, rdpid, fsrm, gfni, avx512_bitalg

Memory: 4k page, system-wide physical 16026M (2192M free)
TotalPageFile size 42205M (AvailPageFile size 117M)
current process WorkingSet (physical memory assigned to process): 526M, peak: 526M
current process commit charge ("private bytes"): 584M, peak: 1017M

vm_info: Java HotSpot(TM) 64-Bit Server VM (19.0.2+7-44) for windows-amd64 JRE (19.0.2+7-44), built on 2022-11-30T18:02:09Z by "mach5one" with MS VC++ 17.1 (VS2022)

END.
